0 info it worked if it ends with ok
1 verbose cli [ 'node', '/usr/local/bin/npm', 'version', 'patch' ]
2 info using npm@1.3.26
3 info using node@v0.10.4
4 error Error: Git working directory not clean.
4 error D test/expected/default/imports.less
4 error D test/expected/inline_css_false/imports.less
4 error D test/expected/test_custom_banner/imports.less
4 error D test/less_imports_test.js
4 error     at /usr/local/lib/node_modules/npm/lib/version.js:98:35
4 error     at ChildProcess.exithandler (child_process.js:630:7)
4 error     at ChildProcess.EventEmitter.emit (events.js:98:17)
4 error     at maybeClose (child_process.js:730:16)
4 error     at Socket.<anonymous> (child_process.js:943:11)
4 error     at Socket.EventEmitter.emit (events.js:95:17)
4 error     at Pipe.close (net.js:451:12)
5 error If you need help, you may report this *entire* log,
5 error including the npm and node versions, at:
5 error     <http://github.com/isaacs/npm/issues>
6 error System Linux 3.2.0-59-generic
7 error command "node" "/usr/local/bin/npm" "version" "patch"
8 error cwd /home/mifrank/workspace/grunt/grunt-scss-imports
9 error node -v v0.10.4
10 error npm -v 1.3.26
11 verbose exit [ 1, true ]
